[tnb3000.github.io/cion-site/dist/location-showcase.html]
[tnb3000.github.io/cion-site/dist/municipal-landing-page.html]
[tnb3000.github.io/cion-site/dist/northern-music.html]
[backblue.gif]
[fade.gif]
[index.html]
[tnb3000.github.io/cion-site/dist/js/site.min.js]
[tnb3000.github.io/cion-site/dist/css/main.css]
[tnb3000.github.io/cion-site/dist/assets/img/icon-clipboard.svg]
[tnb3000.github.io/cion-site/dist/assets/svg/sprite.svg]
[tnb3000.github.io/cion-site/dist/assets/img/hero-sudbury.jpg]
[tnb3000.github.io/cion-site/dist/assets/img/hero-sudbury2.jpg]
[tnb3000.github.io/cion-site/dist/assets/img/hero-sudbury3.jpg]
[tnb3000.github.io/cion-site/dist/assets/img/hero-sudbury4.jpg]
[tnb3000.github.io/cion-site/dist/assets/img/gallery-buckout-rd.jpg]
[tnb3000.github.io/cion-site/dist/assets/img/films-indian-horse.jpg]
[tnb3000.github.io/cion-site/dist/assets/img/films-through-black-spruce.jpg]
[tnb3000.github.io/cion-site/dist/assets/img/films-never-saw-it-coming.jpg]
[tnb3000.github.io/cion-site/dist/assets/img/crowdriffmockup.jpg]
[tnb3000.github.io/cion-site/dist/assets/img/logo-canada.png]
[tnb3000.github.io/cion-site/dist/assets/img/logo-factor.png]
[tnb3000.github.io/cion-site/dist/assets/img/logo-fednor.png]
[tnb3000.github.io/cion-site/dist/assets/img/logo-greater-sudbury.png]
[tnb3000.github.io/cion-site/dist/assets/img/logo-sudbury.png]
[tnb3000.github.io/cion-site/dist/assets/img/logo-nohfc.png]
[tnb3000.github.io/cion-site/dist/assets/img/logo-oac.png]
[tnb3000.github.io/cion-site/dist/assets/img/logo-ontario-creates.png]
[tnb3000.github.io/cion-site/dist/assets/img/logo-canada-sponsor.png]
[tnb3000.github.io/cion-site/dist/location-showcase.html]
[tnb3000.github.io/cion-site/dist/assets/img/highway.jpg]
[tnb3000.github.io/cion-site/dist/assets/img/article-map.jpg]
[tnb3000.github.io/cion-site/dist/municipal-landing-page.html]
[tnb3000.github.io/cion-site/dist/assets/img/music-jackson-reed.jpg]
[tnb3000.github.io/cion-site/dist/assets/img/music-hidden-roots.jpg]
[tnb3000.github.io/cion-site/dist/assets/img/music-mclean.jpg]
[tnb3000.github.io/cion-site/dist/assets/img/music-jennifer-holub.jpg]
[tnb3000.github.io/cion-site/dist/assets/img/music-murder-murder.jpg]
[tnb3000.github.io/cion-site/dist/assets/img/music-mike-mikus.jpg]
[tnb3000.github.io/cion-site/dist/assets/img/music-matt-thibault.jpg]
[tnb3000.github.io/cion-site/dist/assets/img/molly-johnson.jpg]
[tnb3000.github.io/cion-site/dist/northern-music.html]
[tnb3000.github.io/cion-site/dist/assets/img/crew.jpg]
[tnb3000.github.io/cion-site/dist/assets/img/filming.jpg]
[tnb3000.github.io/cion-site/dist/assets/img/bg-crewdatabase.jpg]
[tnb3000.github.io/cion-site/dist/assets/img/bg-forest.jpg]
[tnb3000.github.io/cion-site/dist/assets/img/bg-musicians.jpg]
[tnb3000.github.io/cion-site/dist/assets/img/bg-northern-music.jpg]
[tnb3000.github.io/cion-site/dist/assets/img/studio.jpg]
[tnb3000.github.io/cion-site/dist/css/main.css]
[tnb3000.github.io/cion-site/dist/assets/img/icon-clipboard.svg]
[tnb3000.github.io/cion-site/dist/assets/svg/sprite.svg]
